-------------------------------------------------------------------------------
Test set: com.test.ProductServiceApplicationTests
-------------------------------------------------------------------------------
Tests run: 2, Failures: 0, Errors: 2, Skipped: 0, Time elapsed: 14.275 s <<< FAILURE! - in com.test.ProductServiceApplicationTests
shouldReturnAllProductsFromDB  Time elapsed: 0.017 s  <<< ERROR!
java.lang.IllegalStateException: Failed to load ApplicationContext
Caused by: org.springframework.beans.factory.UnsatisfiedDependencyException: Error creating bean with name 'org.springframework.boot.autoconfigure.orm.jpa.HibernateJpaConfiguration': Unsatisfied dependency expressed through constructor parameter 0; nested exception is org.springframework.beans.factory.UnsatisfiedDependencyException: Error creating bean with name 'dataSource' defined in class path resource [org/springframework/boot/autoconfigure/jdbc/DataSourceConfiguration$Hikari.class]: Unsatisfied dependency expressed through method 'dataSource' parameter 0; nested exception is org.springframework.boot.context.properties.ConfigurationPropertiesBindException: Error creating bean with name 'spring.datasource-org.springframework.boot.autoconfigure.jdbc.DataSourceProperties': Could not bind properties to 'DataSourceProperties' : prefix=spring.datasource, ignoreInvalidFields=false, ignoreUnknownFields=true; nested exception is org.springframework.boot.context.properties.bind.BindException: Failed to bind properties under 'spring.datasource.password' to java.lang.String
Caused by: org.springframework.beans.factory.UnsatisfiedDependencyException: Error creating bean with name 'dataSource' defined in class path resource [org/springframework/boot/autoconfigure/jdbc/DataSourceConfiguration$Hikari.class]: Unsatisfied dependency expressed through method 'dataSource' parameter 0; nested exception is org.springframework.boot.context.properties.ConfigurationPropertiesBindException: Error creating bean with name 'spring.datasource-org.springframework.boot.autoconfigure.jdbc.DataSourceProperties': Could not bind properties to 'DataSourceProperties' : prefix=spring.datasource, ignoreInvalidFields=false, ignoreUnknownFields=true; nested exception is org.springframework.boot.context.properties.bind.BindException: Failed to bind properties under 'spring.datasource.password' to java.lang.String
Caused by: org.springframework.boot.context.properties.ConfigurationPropertiesBindException: Error creating bean with name 'spring.datasource-org.springframework.boot.autoconfigure.jdbc.DataSourceProperties': Could not bind properties to 'DataSourceProperties' : prefix=spring.datasource, ignoreInvalidFields=false, ignoreUnknownFields=true; nested exception is org.springframework.boot.context.properties.bind.BindException: Failed to bind properties under 'spring.datasource.password' to java.lang.String
Caused by: org.springframework.boot.context.properties.bind.BindException: Failed to bind properties under 'spring.datasource.password' to java.lang.String
Caused by: com.ulisesbocchio.jasyptspringboot.exception.DecryptionException: Unable to decrypt: ENC(IjAepkeQBrUb1E2fx9/GbWwIXW+QlMSu). Decryption of Properties failed,  make sure encryption/decryption passwords match
Caused by: org.jasypt.exceptions.EncryptionOperationNotPossibleException

createNewProductTest  Time elapsed: 0.001 s  <<< ERROR!
java.lang.IllegalStateException: Failed to load ApplicationContext
Caused by: org.springframework.beans.factory.UnsatisfiedDependencyException: Error creating bean with name 'org.springframework.boot.autoconfigure.orm.jpa.HibernateJpaConfiguration': Unsatisfied dependency expressed through constructor parameter 0; nested exception is org.springframework.beans.factory.UnsatisfiedDependencyException: Error creating bean with name 'dataSource' defined in class path resource [org/springframework/boot/autoconfigure/jdbc/DataSourceConfiguration$Hikari.class]: Unsatisfied dependency expressed through method 'dataSource' parameter 0; nested exception is org.springframework.boot.context.properties.ConfigurationPropertiesBindException: Error creating bean with name 'spring.datasource-org.springframework.boot.autoconfigure.jdbc.DataSourceProperties': Could not bind properties to 'DataSourceProperties' : prefix=spring.datasource, ignoreInvalidFields=false, ignoreUnknownFields=true; nested exception is org.springframework.boot.context.properties.bind.BindException: Failed to bind properties under 'spring.datasource.password' to java.lang.String
Caused by: org.springframework.beans.factory.UnsatisfiedDependencyException: Error creating bean with name 'dataSource' defined in class path resource [org/springframework/boot/autoconfigure/jdbc/DataSourceConfiguration$Hikari.class]: Unsatisfied dependency expressed through method 'dataSource' parameter 0; nested exception is org.springframework.boot.context.properties.ConfigurationPropertiesBindException: Error creating bean with name 'spring.datasource-org.springframework.boot.autoconfigure.jdbc.DataSourceProperties': Could not bind properties to 'DataSourceProperties' : prefix=spring.datasource, ignoreInvalidFields=false, ignoreUnknownFields=true; nested exception is org.springframework.boot.context.properties.bind.BindException: Failed to bind properties under 'spring.datasource.password' to java.lang.String
Caused by: org.springframework.boot.context.properties.ConfigurationPropertiesBindException: Error creating bean with name 'spring.datasource-org.springframework.boot.autoconfigure.jdbc.DataSourceProperties': Could not bind properties to 'DataSourceProperties' : prefix=spring.datasource, ignoreInvalidFields=false, ignoreUnknownFields=true; nested exception is org.springframework.boot.context.properties.bind.BindException: Failed to bind properties under 'spring.datasource.password' to java.lang.String
Caused by: org.springframework.boot.context.properties.bind.BindException: Failed to bind properties under 'spring.datasource.password' to java.lang.String
Caused by: com.ulisesbocchio.jasyptspringboot.exception.DecryptionException: Unable to decrypt: ENC(IjAepkeQBrUb1E2fx9/GbWwIXW+QlMSu). Decryption of Properties failed,  make sure encryption/decryption passwords match
Caused by: org.jasypt.exceptions.EncryptionOperationNotPossibleException

