<?xml version="1.0" encoding="UTF-8"?>
<testsuite xmlns:xsi="http://www.w3.org/2001/XMLSchema-instance" xsi:noNamespaceSchemaLocation="https://maven.apache.org/surefire/maven-surefire-plugin/xsd/surefire-test-report-3.0.xsd" version="3.0" name="com.test.StringPalindrome.AppTest" time="0.236" tests="3" errors="0" skipped="0" failures="0">
  <properties>
[...]
</properties>
  <testcase name="isNotPlaindromeTest" classname="com.test.StringPalindrome.AppTest" time="0.034"/>
  <testcase name="isNotPlaindromeExceptionTest" classname="com.test.StringPalindrome.AppTest" time="0.0"/>
  <testcase name="isPlaindromeTest" classname="com.test.StringPalindrome.AppTest" time="0.0"/>
</testsuite>